MPASM 5.67  /MEDIA/ESTEBAN/ESTEBAN/UN/MICROC   5-14-2023  23:10:49         PAGE  1


LOC  OBJECT CODE     LINE SOURCE TEXT
  VALUE

                      00001 ; Libraries
Warning[205]: Found directive in column 1. (include)
                      00002 include p18f4550.inc
                      00001         LIST
                      00002 
                      00003 ;==========================================================================
                      00004 ; Build date : Mar 21 2016
                      00005 ;  MPASM PIC18F4550 processor include
                      00006 ; 
                      00007 ;  (c) Copyright 1999-2016 Microchip Technology, All rights reserved
                      00008 ;==========================================================================
                      00009 
                      01765         LIST
                      00003 
                      00004 ; Configuration
                      00005 ;CONFIG FOSC = INTOSC_EC ; Internal Oscillator 1 MHz
Warning[205]: Found directive in column 1. (CONFIG)
00 0C 1F 1E 83 85 0F C00006 CONFIG FOSC = HS ;Crystal oscillator [4,48] MHz
       0 0F E0 0F 40 
Warning[205]: Found directive in column 1. (CONFIG)
                      00007 CONFIG WDT = OFF ; Shutdown WatchDog Timer
                      00008 
                      00009 ; CPUDIV1:CPUDIV0 in datasheet but in mplab is: (Window -> PIC Memory view -> 
                      00010     ;Configuration bits)
                      00011 
                      00012 ;CONFIG CPUDIV = OSC1_PLL2 ; Postscaler external clock by /1
                      00013 ;CONFIG CPUDIV = OSC2_PLL3 ; Postscaler external clock by /2
                      00014 ;CONFIG CPUDIV = OSC3_PLL4 ; Postscaler external clock by /3
                      00015 ;CONFIG CPUDIV = OSC4_PLL6 ; Postscaler external clock by /4
                      00016     
                      00017 ; Variables
  00000000            00018 value equ 0x0 ; variable with number to view
  00000001            00019 table_index equ 0x1 ; get the code to color and number from tables
                      00020 ; delay variables
  00000002            00021 aux1 equ 0x2
  00000003            00022 aux2 equ 0x3
  00000004            00023 aux3 equ 0x4
                      00024 
                      00025  
                      00026 ; code
000000                00027 init
                      00028     ; OSCCON<6-4> <- 110_2 ; F int osc =4 MHz
                      00029 ;    bsf OSCCON,6
                      00030 ;    bsf OSCCON,5
                      00031 ;    bcf OSCCON,4
                      00032     
000000 0E0F           00033     movlw .15
000002 6EC1           00034     movwf ADCON1  ;RB0 to RB4, RA0 to RA4  and RE0 to RE2 as digital i/o
000004 6A95           00035     clrf TRISD; Port D as output to seven segments
000006 6A8C           00036     clrf LATD; seven segments start as clear
                      00037     
000008 0EE3           00038     movlw b'11100011'
00000A 6E93           00039     movwf TRISB; RB2, RB3 y RB4 as analog outputs of RGB
MPASM 5.67  /MEDIA/ESTEBAN/ESTEBAN/UN/MICROC   5-14-2023  23:10:49         PAGE  2


LOC  OBJECT CODE     LINE SOURCE TEXT
  VALUE

00000C 688A           00040     setf LATB; RGB start as black
                      00041     
00000E 6892           00042     setf TRISA; RA0 ... RA2 as analog inputs
                      00043     
                      00044     
                      00045 
000010                00046 restart
000010 0E00           00047     movlw .0
000012 6E00           00048     movwf value
                      00049     
000014                00050 check_reset_button
000014 EC8D F000      00051     call delay_switch_debounce
000018 B480           00052     btfsc PORTA,2 ; PORTA,2 == 0 ? aux_restart : interrupter_inc_or_dec 
00001A EF16 F000      00053     goto interrupter_inc_or_dec
00001E EF11 F000      00054     goto aux_restart
                      00055     
000022                00056 aux_restart
000022 688A           00057     setf LATB; Black color                                                                              
                                                                                                                            
000024 EC65 F000      00058     call delay_2_s
000028 EF08 F000      00059     goto restart
                      00060  
00002C                00061 interrupter_inc_or_dec
00002C EC8D F000      00062     call delay_switch_debounce
000030 B280           00063     btfsc PORTA,1 ; PORTA,1 == 0 ? increase_value : decrement_value
000032 EF1D F000      00064     goto decrement_value
000036 EF2B F000      00065     goto increase_value
                      00066     
00003A                00067 decrement_value    
00003A 0600           00068     decf value,f
                      00069 
Warning[207]: Found label after column 1. (check_value_is_negative_or_zero)
00003C                00070     check_value_is_negative_or_zero
00003C E608           00071         bn value_is_negative
00003E 0E00           00072         movlw .0
000040 6200           00073         cpfseq value ; value == 0 ? value_is_zero : show_value
000042 EF34 F000      00074         goto show_value
                      00075 
Warning[207]: Found label after column 1. (value_is_zero)
000046                00076     value_is_zero
000046 0E06           00077         movlw .6
000048 6E00           00078         movwf value
00004A EF34 F000      00079         goto show_value
                      00080 
Warning[207]: Found label after column 1. (value_is_negative)
00004E                00081     value_is_negative
00004E 0E01           00082         movlw .1
000050 6E00           00083         movwf value
000052 EF34 F000      00084         goto show_value
                      00085 
000056                00086 increase_value
000056 2A00           00087     incf value,f
                      00088    
MPASM 5.67  /MEDIA/ESTEBAN/ESTEBAN/UN/MICROC   5-14-2023  23:10:49         PAGE  3


LOC  OBJECT CODE     LINE SOURCE TEXT
  VALUE

Warning[207]: Found label after column 1. (check_value_is_seven)
000058                00089     check_value_is_seven
000058 0E07           00090         movlw .7
00005A 6200           00091         cpfseq value ; Value == 7 ? value_is_seven : show_value
00005C EF34 F000      00092         goto show_value
                      00093 
Warning[207]: Found label after column 1. (value_is_seven)
000060                00094     value_is_seven
000060 0E01           00095         movlw .1
000062 6E00           00096         movwf value
000064 EF34 F000      00097         goto show_value
                      00098  
000068                00099 show_value
                      00100     
000068 C000 F001      00101     movff value,table_index
00006C 0601           00102     decf table_index,f ; First position is cero in table
                      00103     
                      00104     ; PCH <- 0x7 when PCL<-PCL+WREG
00006E 0E07           00105     movlw 0x7
000070 6EFA           00106     movwf PCLATH
                      00107     ;index in table is each two positions
000072 4401           00108     rlncf table_index,w ; w = 2*table_index
000074 EC80 F003      00109     call seven_segments_code_table
                      00110     
000078 6E8C           00111     movwf LATD ; setting code for number in seven segments
                      00112     
                      00113     ; PCH <- 0x8 when PCL<-PCL+WREG
00007A 0E08           00114     movlw 0x8
00007C 6EFA           00115     movwf PCLATH
                      00116     ;index in table is each two positions
00007E 4401           00117     rlncf table_index,w ; w = 2*table_index
000080 EC00 F004      00118     call color_code_table
                      00119     
000084 6E8A           00120     movwf LATB ; Setting color in RGB
                      00121     
000086                00122 button_delay
000086 EC8D F000      00123     call delay_switch_debounce
00008A B080           00124     btfsc PORTA,0 ; PORTA,0 == 0 ? button_delay_is_cero : button_delay_is_one 
00008C EF4D F000      00125     goto button_delay_is_one
                      00126      
000090                00127 button_delay_is_cero
                      00128     
                      00129     ;White Color
000090 6A8A           00130     clrf LATB
000092 EC51 F000      00131     call delay_5_s
000096 EF0A F000      00132     goto check_reset_button
                      00133     
00009A                00134 button_delay_is_one
00009A EC79 F000      00135     call delay_200_ms
00009E EF0A F000      00136     goto check_reset_button
                      00137     
                      00138 
0000A2                00139 delay_5_s ;Exactly Fosc = 4 MHz
MPASM 5.67  /MEDIA/ESTEBAN/ESTEBAN/UN/MICROC   5-14-2023  23:10:49         PAGE  4


LOC  OBJECT CODE     LINE SOURCE TEXT
  VALUE

0000A2 0EB9           00140     movlw .185
0000A4 6E02           00141     movwf aux1
0000A6 0E90           00142     movlw .144
0000A8 6E03           00143     movwf aux2
0000AA 0E3E           00144     movlw .62
0000AC 6E04           00145     movwf aux3
0000AE                00146 aux_delay_5_s
0000AE 2E02           00147     decfsz aux1,f
0000B0 EF57 F000      00148     goto aux_delay_5_s
0000B4 0EB9           00149     movlw .185
0000B6 6E02           00150     movwf aux1
0000B8 2E03           00151     decfsz aux2,f
0000BA EF57 F000      00152     goto aux_delay_5_s
0000BE 0E90           00153     movlw .144
0000C0 6E03           00154     movwf aux2
0000C2 2E04           00155     decfsz aux3,f
0000C4 EF57 F000      00156     goto aux_delay_5_s
0000C8 0012           00157     return
                      00158      
0000CA                00159 delay_2_s ; 1e-4 % absolute error Fosc = 4 MHz
0000CA 0E8F           00160     movlw .143
0000CC 6E02           00161     movwf aux1
0000CE 0EC0           00162     movlw .192
0000D0 6E03           00163     movwf aux2
0000D2 0E18           00164     movlw .24
0000D4 6E04           00165     movwf aux3
0000D6                00166 aux_delay_2_s
0000D6 2E02           00167     decfsz aux1,f
0000D8 EF6B F000      00168     goto aux_delay_2_s
0000DC 0E8F           00169     movlw .143
0000DE 6E02           00170     movwf aux1
0000E0 2E03           00171     decfsz aux2,f
0000E2 EF6B F000      00172     goto aux_delay_2_s
0000E6 0EC0           00173     movlw .192
0000E8 6E03           00174     movwf aux2
0000EA 2E04           00175     decfsz aux3,f
0000EC EF6B F000      00176     goto aux_delay_2_s
0000F0 0012           00177     return
                      00178 
0000F2                00179 delay_200_ms ; Exactly Fosc = 4 MHz
0000F2 0E40           00180     movlw .64
0000F4 6E02           00181     movwf aux1
0000F6 0E91           00182     movlw .145
0000F8 6E03           00183     movwf aux2
0000FA 0E07           00184     movlw .7
0000FC 6E04           00185     movwf aux3
0000FE                00186 aux_delay_200_ms
0000FE 2E02           00187     decfsz aux1,f
000100 EF7F F000      00188     goto aux_delay_200_ms
000104 0E40           00189     movlw .64
000106 6E02           00190     movwf aux1
000108 2E03           00191     decfsz aux2,f
00010A EF7F F000      00192     goto aux_delay_200_ms
MPASM 5.67  /MEDIA/ESTEBAN/ESTEBAN/UN/MICROC   5-14-2023  23:10:49         PAGE  5


LOC  OBJECT CODE     LINE SOURCE TEXT
  VALUE

00010E 0E91           00193     movlw .145
000110 6E03           00194     movwf aux2
000112 2E04           00195     decfsz aux3,f
000114 EF7F F000      00196     goto aux_delay_200_ms
000118 0012           00197     return
                      00198 
                      00199  ; delay 10 ms Exactly Fosc = 4 MHz
Warning[207]: Found label after column 1. (delay_switch_debounce)
00011A                00200  delay_switch_debounce
00011A 0EDC           00201     movlw .220
00011C 6E02           00202     movwf aux1
00011E 0E05           00203     movlw .5
000120 6E03           00204     movwf aux2
000122 0E03           00205     movlw .3
000124 6E04           00206     movwf aux3
000126                00207 aux_delay_switch_debounce
000126 2E02           00208     decfsz aux1,f
000128 EF93 F000      00209     goto aux_delay_switch_debounce
00012C 0EDC           00210     movlw .220
00012E 6E02           00211     movwf aux1
000130 2E03           00212     decfsz aux2,f
000132 EF93 F000      00213     goto aux_delay_switch_debounce
000136 0E05           00214     movlw .5
000138 6E03           00215     movwf aux2
00013A 2E04           00216     decfsz aux3,f
00013C EF93 F000      00217     goto aux_delay_switch_debounce
000140 0012           00218     return
                      00219 
                      00220 
Warning[205]: Found directive in column 1. (ORG)
000700                00221 ORG 0x0700
000700                00222 seven_segments_code_table
000700 26F9           00223     addwf PCL,f
                      00224     ;       76543210
000702 0C05           00225     retlw b'00000101' ; code to 1
000704 0CEE           00226     retlw b'11101110' ; code to 2
000706 0CED           00227     retlw b'11101101' ; code to 3
000708 0C9D           00228     retlw b'10011101' ; code to 4
00070A 0CF9           00229     retlw b'11111001' ; code to 5
00070C 0CFB           00230     retlw b'11111011' ; code to 6
                      00231 
Warning[205]: Found directive in column 1. (ORG)
000800                00232 ORG 0x0800
000800                00233 color_code_table
000800 26F9           00234     addwf PCL,f
000802 0CEB           00235     retlw b'11101011'; code to magenta
000804 0CFB           00236     retlw b'11111011' ; code to blue
000806 0CF3           00237     retlw b'11110011' ; code to cyan
000808 0CF7           00238     retlw b'11110111' ; code to green
00080A 0CE7           00239     retlw b'11100111' ; code to yellow
00080C 0CEF           00240     retlw b'11101111' ; code to red
                      00241     
Warning[205]: Found directive in column 1. (end)
MPASM 5.67  /MEDIA/ESTEBAN/ESTEBAN/UN/MICROC   5-14-2023  23:10:49         PAGE  6


LOC  OBJECT CODE     LINE SOURCE TEXT
  VALUE

                      00242 end
MPASM 5.67  /MEDIA/ESTEBAN/ESTEBAN/UN/MICROC   5-14-2023  23:10:49         PAGE  7


SYMBOL TABLE
  LABEL                             VALUE 

A                                 00000000
ABDEN                             00000000
ABDOVF                            00000007
ACCESS                            00000000
ACKDT                             00000005
ACKEN                             00000004
ACKSTAT                           00000006
ACQT0                             00000003
ACQT1                             00000004
ACQT2                             00000005
ACTVIE                            00000002
ACTVIF                            00000002
ADCON0                            00000FC2
ADCON1                            00000FC1
ADCON2                            00000FC0
ADCS0                             00000000
ADCS1                             00000001
ADCS2                             00000002
ADDEN                             00000003
ADDR0                             00000000
ADDR1                             00000001
ADDR2                             00000002
ADDR3                             00000003
ADDR4                             00000004
ADDR5                             00000005
ADDR6                             00000006
ADEN                              00000003
ADFM                              00000007
ADIE                              00000006
ADIF                              00000006
ADIP                              00000006
ADON                              00000000
ADRES                             00000FC3
ADRESH                            00000FC4
ADRESL                            00000FC3
AN0                               00000000
AN1                               00000001
AN2                               00000002
AN3                               00000003
AN4                               00000005
BANKED                            00000001
BAUDCON                           00000FB8
BAUDCTL                           00000FB8
BCLIE                             00000003
BCLIF                             00000003
BCLIP                             00000003
BF                                00000000
BGST                              00000005
BOR                               00000000
BRG16                             00000003
BRGH                              00000002
BSR                               00000FE0
BTOEE                             00000004
MPASM 5.67  /MEDIA/ESTEBAN/ESTEBAN/UN/MICROC   5-14-2023  23:10:49         PAGE  8


SYMBOL TABLE
  LABEL                             VALUE 

BTOEF                             00000004
BTSEE                             00000007
BTSEF                             00000007
C                                 00000000
C1INV                             00000004
C1OUT                             00000006
C2INV                             00000005
C2OUT                             00000007
CCP1                              00000002
CCP1AS                            00000FB6
CCP1CON                           00000FBD
CCP1DEL                           00000FB7
CCP1IE                            00000002
CCP1IF                            00000002
CCP1IP                            00000002
CCP1M0                            00000000
CCP1M1                            00000001
CCP1M2                            00000002
CCP1M3                            00000003
CCP2CON                           00000FBA
CCP2IE                            00000000
CCP2IF                            00000000
CCP2IP                            00000000
CCP2M0                            00000000
CCP2M1                            00000001
CCP2M2                            00000002
CCP2M3                            00000003
CCPR1                             00000FBE
CCPR1H                            00000FBF
CCPR1L                            00000FBE
CCPR2                             00000FBB
CCPR2H                            00000FBC
CCPR2L                            00000FBB
CFGS                              00000006
CHS0                              00000002
CHS1                              00000003
CHS2                              00000004
CHS3                              00000005
CIS                               00000003
CK                                00000006
CK1SPP                            00000000
CK2SPP                            00000001
CKE                               00000006
CKP                               00000004
CLK1EN                            00000004
CLKCFG0                           00000006
CLKCFG1                           00000007
CM0                               00000000
CM1                               00000001
CM2                               00000002
CMCON                             00000FB4
CMIE                              00000006
CMIF                              00000006
MPASM 5.67  /MEDIA/ESTEBAN/ESTEBAN/UN/MICROC   5-14-2023  23:10:49         PAGE  9


SYMBOL TABLE
  LABEL                             VALUE 

CMIP                              00000006
CRC16EE                           00000002
CRC16EF                           00000002
CRC5EE                            00000001
CRC5EF                            00000001
CREN                              00000004
CSEN                              00000005
CSRC                              00000007
CVR0                              00000000
CVR1                              00000001
CVR2                              00000002
CVR3                              00000003
CVRCON                            00000FB5
CVREF                             00000004
CVREN                             00000007
CVROE                             00000006
CVRR                              00000005
CVRSS                             00000004
D                                 00000005
DATA_ADDRESS                      00000005
DC                                00000001
DC1B0                             00000004
DC1B1                             00000005
DC2B0                             00000004
DC2B1                             00000005
DDRA                              TRISA
DDRB                              TRISB
DDRC                              TRISC
DDRD                              TRISD
DDRE                              TRISE
DFN8EE                            00000003
DFN8EF                            00000003
DIR                               00000002
DONE                              00000001
D_A                               00000005
D_NOT_A                           00000005
ECCP1AS                           00000FB6
ECCP1CON                          00000FBD
ECCP1DEL                          00000FB7
ECCPAS0                           00000004
ECCPAS1                           00000005
ECCPAS2                           00000006
ECCPASE                           00000007
EEADR                             00000FA9
EECON1                            00000FA6
EECON2                            00000FA7
EEDATA                            00000FA8
EEIE                              00000004
EEIF                              00000004
EEIP                              00000004
EEPGD                             00000007
ENDP0                             00000003
ENDP1                             00000004
MPASM 5.67  /MEDIA/ESTEBAN/ESTEBAN/UN/MICROC   5-14-2023  23:10:49         PAGE 10


SYMBOL TABLE
  LABEL                             VALUE 

ENDP2                             00000005
ENDP3                             00000006
EPCONDIS                          00000003
EPHSHK                            00000004
EPINEN                            00000001
EPOUTEN                           00000002
EPSTALL                           00000000
FAST                              00000001
FERR                              00000002
FLTS                              00000002
FREE                              00000004
FRM0                              00000000
FRM1                              00000001
FRM10                             00000002
FRM2                              00000002
FRM3                              00000003
FRM4                              00000004
FRM5                              00000005
FRM6                              00000006
FRM7                              00000007
FRM8                              00000000
FRM9                              00000001
FSEN                              00000002
FSR0                              00000000
FSR0H                             00000FEA
FSR0L                             00000FE9
FSR1                              00000001
FSR1H                             00000FE2
FSR1L                             00000FE1
FSR2                              00000002
FSR2H                             00000FDA
FSR2L                             00000FD9
GCEN                              00000007
GIE                               00000007
GIEH                              00000007
GIEL                              00000006
GIE_GIEH                          00000007
GO                                00000001
GO_DONE                           00000001
GO_NOT_DONE                       00000001
HLVDCON                           00000FD2
HLVDEN                            00000004
HLVDIE                            00000002
HLVDIF                            00000002
HLVDIN                            00000005
HLVDIP                            00000002
HLVDL0                            00000000
HLVDL1                            00000001
HLVDL2                            00000002
HLVDL3                            00000003
I2C_DAT                           00000005
I2C_READ                          00000002
I2C_START                         00000003
MPASM 5.67  /MEDIA/ESTEBAN/ESTEBAN/UN/MICROC   5-14-2023  23:10:49         PAGE 11


SYMBOL TABLE
  LABEL                             VALUE 

I2C_STOP                          00000004
IDLEIE                            00000004
IDLEIF                            00000004
IDLEN                             00000007
INDF0                             00000FEF
INDF1                             00000FE7
INDF2                             00000FDF
INT0                              00000000
INT0E                             00000004
INT0F                             00000001
INT0IE                            00000004
INT0IF                            00000001
INT1                              00000001
INT1E                             00000003
INT1F                             00000000
INT1IE                            00000003
INT1IF                            00000000
INT1IP                            00000006
INT1P                             00000006
INT2                              00000002
INT2E                             00000004
INT2F                             00000001
INT2IE                            00000004
INT2IF                            00000001
INT2IP                            00000007
INT2P                             00000007
INTCON                            00000FF2
INTCON2                           00000FF1
INTCON3                           00000FF0
INTEDG0                           00000006
INTEDG1                           00000005
INTEDG2                           00000004
INTSRC                            00000007
IOFS                              00000002
IPEN                              00000007
IPR1                              00000F9F
IPR2                              00000FA2
IRCF0                             00000004
IRCF1                             00000005
IRCF2                             00000006
IRVST                             00000005
IVRST                             00000005
LATA                              00000F89
LATA0                             00000000
LATA1                             00000001
LATA2                             00000002
LATA3                             00000003
LATA4                             00000004
LATA5                             00000005
LATA6                             00000006
LATB                              00000F8A
LATB0                             00000000
LATB1                             00000001
MPASM 5.67  /MEDIA/ESTEBAN/ESTEBAN/UN/MICROC   5-14-2023  23:10:49         PAGE 12


SYMBOL TABLE
  LABEL                             VALUE 

LATB2                             00000002
LATB3                             00000003
LATB4                             00000004
LATB5                             00000005
LATB6                             00000006
LATB7                             00000007
LATC                              00000F8B
LATC0                             00000000
LATC1                             00000001
LATC2                             00000002
LATC6                             00000006
LATC7                             00000007
LATD                              00000F8C
LATD0                             00000000
LATD1                             00000001
LATD2                             00000002
LATD3                             00000003
LATD4                             00000004
LATD5                             00000005
LATD6                             00000006
LATD7                             00000007
LATE                              00000F8D
LATE0                             00000000
LATE1                             00000001
LATE2                             00000002
LVDCON                            00000FD2
LVDEN                             00000004
LVDIE                             00000002
LVDIF                             00000002
LVDIN                             00000005
LVDIP                             00000002
LVDL0                             00000000
LVDL1                             00000001
LVDL2                             00000002
LVDL3                             00000003
LVV0                              00000000
LVV1                              00000001
LVV2                              00000002
LVV3                              00000003
N                                 00000004
NOT_A                             00000005
NOT_ADDRESS                       00000005
NOT_BOR                           00000000
NOT_DONE                          00000001
NOT_IPEN                          00000007
NOT_PD                            00000002
NOT_POR                           00000001
NOT_RBPU                          00000007
NOT_RI                            00000004
NOT_T1SYNC                        00000002
NOT_T3SYNC                        00000002
NOT_TO                            00000003
NOT_W                             00000002
MPASM 5.67  /MEDIA/ESTEBAN/ESTEBAN/UN/MICROC   5-14-2023  23:10:49         PAGE 13


SYMBOL TABLE
  LABEL                             VALUE 

NOT_WRITE                         00000002
OERR                              00000001
OESPP                             00000002
OSC2                              00000006
OSCCON                            00000FD3
OSCFIE                            00000007
OSCFIF                            00000007
OSCFIP                            00000007
OSCTUNE                           00000F9B
OSTS                              00000003
OV                                00000003
P                                 00000004
P1A                               00000002
P1M0                              00000006
P1M1                              00000007
PC                                00000FF9
PCFG0                             00000000
PCFG1                             00000001
PCFG2                             00000002
PCFG3                             00000003
PCL                               00000FF9
PCLATH                            00000FFA
PCLATU                            00000FFB
PD                                00000002
PDC0                              00000000
PDC1                              00000001
PDC2                              00000002
PDC3                              00000003
PDC4                              00000004
PDC5                              00000005
PDC6                              00000006
PEIE                              00000006
PEIE_GIEL                         00000006
PEN                               00000002
PGC                               00000006
PGD                               00000007
PGM                               00000005
PIDEE                             00000000
PIDEF                             00000000
PIE1                              00000F9D
PIE2                              00000FA0
PIR1                              00000F9E
PIR2                              00000FA1
PKTDIS                            00000004
PLUSW0                            00000FEB
PLUSW1                            00000FE3
PLUSW2                            00000FDB
POR                               00000001
PORTA                             00000F80
PORTB                             00000F81
PORTC                             00000F82
PORTD                             00000F83
PORTE                             00000F84
MPASM 5.67  /MEDIA/ESTEBAN/ESTEBAN/UN/MICROC   5-14-2023  23:10:49         PAGE 14


SYMBOL TABLE
  LABEL                             VALUE 

POSTDEC0                          00000FED
POSTDEC1                          00000FE5
POSTDEC2                          00000FDD
POSTINC0                          00000FEE
POSTINC1                          00000FE6
POSTINC2                          00000FDE
PPB0                              00000000
PPB1                              00000001
PPBI                              00000001
PPBRST                            00000006
PR2                               00000FCB
PREINC0                           00000FEC
PREINC1                           00000FE4
PREINC2                           00000FDC
PROD                              00000FF3
PRODH                             00000FF4
PRODL                             00000FF3
PRSEN                             00000007
PSA                               00000003
PSSAC0                            00000002
PSSAC1                            00000003
PSSBD0                            00000000
PSSBD1                            00000001
R                                 00000002
RA0                               00000000
RA1                               00000001
RA2                               00000002
RA3                               00000003
RA4                               00000004
RA5                               00000005
RA6                               00000006
RB0                               00000000
RB1                               00000001
RB2                               00000002
RB3                               00000003
RB4                               00000004
RB5                               00000005
RB6                               00000006
RB7                               00000007
RBIE                              00000003
RBIF                              00000000
RBIP                              00000000
RBPU                              00000007
RC0                               00000000
RC1                               00000001
RC2                               00000002
RC4                               00000004
RC5                               00000005
RC6                               00000006
RC7                               00000007
RCEN                              00000003
RCIDL                             00000006
RCIE                              00000005
MPASM 5.67  /MEDIA/ESTEBAN/ESTEBAN/UN/MICROC   5-14-2023  23:10:49         PAGE 15


SYMBOL TABLE
  LABEL                             VALUE 

RCIF                              00000005
RCIP                              00000005
RCMT                              00000006
RCON                              00000FD0
RCREG                             00000FAE
RCSTA                             00000FAB
RD                                00000000
RD0                               00000000
RD1                               00000001
RD16                              00000007
RD2                               00000002
RD3                               00000003
RD4                               00000004
RD5                               00000005
RD6                               00000006
RD7                               00000007
RDPU                              00000007
RDSPP                             00000007
RE0                               00000000
RE1                               00000001
RE2                               00000002
RE3                               00000003
READ_WRITE                        00000002
RESUME                            00000002
RI                                00000004
RSEN                              00000001
RX                                00000007
RX9                               00000006
RX9D                              00000000
RXDTP                             00000005
R_NOT_W                           00000002
R_W                               00000002
S                                 00000003
SBOREN                            00000006
SCKP                              00000004
SCS0                              00000000
SCS1                              00000001
SE0                               00000005
SEN                               00000000
SENDB                             00000003
SMP                               00000007
SOFIE                             00000006
SOFIF                             00000006
SPBRG                             00000FAF
SPBRGH                            00000FB0
SPEN                              00000007
SPP0                              00000000
SPP1                              00000001
SPP2                              00000002
SPP3                              00000003
SPP4                              00000004
SPP5                              00000005
SPP6                              00000006
MPASM 5.67  /MEDIA/ESTEBAN/ESTEBAN/UN/MICROC   5-14-2023  23:10:49         PAGE 16


SYMBOL TABLE
  LABEL                             VALUE 

SPP7                              00000007
SPPBUSY                           00000004
SPPCFG                            00000F63
SPPCON                            00000F65
SPPDATA                           00000F62
SPPEN                             00000000
SPPEPS                            00000F64
SPPIE                             00000007
SPPIF                             00000007
SPPIP                             00000007
SPPOWN                            00000001
SREN                              00000005
SSPADD                            00000FC8
SSPBUF                            00000FC9
SSPCON1                           00000FC6
SSPCON2                           00000FC5
SSPEN                             00000005
SSPIE                             00000003
SSPIF                             00000003
SSPIP                             00000003
SSPM0                             00000000
SSPM1                             00000001
SSPM2                             00000002
SSPM3                             00000003
SSPOV                             00000006
SSPSTAT                           00000FC7
STALLIE                           00000005
STALLIF                           00000005
STATUS                            00000FD8
STKFUL                            00000007
STKOVF                            00000007
STKPTR                            00000FFC
STKPTR0                           00000000
STKPTR1                           00000001
STKPTR2                           00000002
STKPTR3                           00000003
STKPTR4                           00000004
STKUNF                            00000006
SUSPND                            00000001
SWDTE                             00000000
SWDTEN                            00000000
SYNC                              00000004
T08BIT                            00000006
T0CKI                             00000004
T0CON                             00000FD5
T0CS                              00000005
T0IE                              00000005
T0IF                              00000002
T0IP                              00000002
T0PS0                             00000000
T0PS1                             00000001
T0PS2                             00000002
T0SE                              00000004
MPASM 5.67  /MEDIA/ESTEBAN/ESTEBAN/UN/MICROC   5-14-2023  23:10:49         PAGE 17


SYMBOL TABLE
  LABEL                             VALUE 

T13CKI                            00000000
T1CKPS0                           00000004
T1CKPS1                           00000005
T1CON                             00000FCD
T1OSCEN                           00000003
T1OSI                             00000001
T1OSO                             00000000
T1RUN                             00000006
T1SYNC                            00000002
T2CKPS0                           00000000
T2CKPS1                           00000001
T2CON                             00000FCA
T2OUTPS0                          00000003
T2OUTPS1                          00000004
T2OUTPS2                          00000005
T2OUTPS3                          00000006
T3CCP1                            00000003
T3CCP2                            00000006
T3CKPS0                           00000004
T3CKPS1                           00000005
T3CON                             00000FB1
T3NSYNC                           00000002
T3SYNC                            00000002
TABLAT                            00000FF5
TBLPTR                            00000FF6
TBLPTRH                           00000FF7
TBLPTRL                           00000FF6
TBLPTRU                           00000FF8
TMR0                              00000FD6
TMR0H                             00000FD7
TMR0IE                            00000005
TMR0IF                            00000002
TMR0IP                            00000002
TMR0L                             00000FD6
TMR0ON                            00000007
TMR1                              00000FCE
TMR1CS                            00000001
TMR1H                             00000FCF
TMR1IE                            00000000
TMR1IF                            00000000
TMR1IP                            00000000
TMR1L                             00000FCE
TMR1ON                            00000000
TMR2                              00000FCC
TMR2IE                            00000001
TMR2IF                            00000001
TMR2IP                            00000001
TMR2ON                            00000002
TMR3                              00000FB2
TMR3CS                            00000001
TMR3H                             00000FB3
TMR3IE                            00000001
TMR3IF                            00000001
MPASM 5.67  /MEDIA/ESTEBAN/ESTEBAN/UN/MICROC   5-14-2023  23:10:49         PAGE 18


SYMBOL TABLE
  LABEL                             VALUE 

TMR3IP                            00000001
TMR3L                             00000FB2
TMR3ON                            00000000
TO                                00000003
TOS                               00000FFD
TOSH                              00000FFE
TOSL                              00000FFD
TOSU                              00000FFF
TOUTPS0                           00000003
TOUTPS1                           00000004
TOUTPS2                           00000005
TOUTPS3                           00000006
TRISA                             00000F92
TRISA0                            00000000
TRISA1                            00000001
TRISA2                            00000002
TRISA3                            00000003
TRISA4                            00000004
TRISA5                            00000005
TRISA6                            00000006
TRISB                             00000F93
TRISB0                            00000000
TRISB1                            00000001
TRISB2                            00000002
TRISB3                            00000003
TRISB4                            00000004
TRISB5                            00000005
TRISB6                            00000006
TRISB7                            00000007
TRISC                             00000F94
TRISC0                            00000000
TRISC1                            00000001
TRISC2                            00000002
TRISC6                            00000006
TRISC7                            00000007
TRISD                             00000F95
TRISD0                            00000000
TRISD1                            00000001
TRISD2                            00000002
TRISD3                            00000003
TRISD4                            00000004
TRISD5                            00000005
TRISD6                            00000006
TRISD7                            00000007
TRISE                             00000F96
TRISE0                            00000000
TRISE1                            00000001
TRISE2                            00000002
TRMT                              00000001
TRNIE                             00000003
TRNIF                             00000003
TUN0                              00000000
TUN1                              00000001
MPASM 5.67  /MEDIA/ESTEBAN/ESTEBAN/UN/MICROC   5-14-2023  23:10:49         PAGE 19


SYMBOL TABLE
  LABEL                             VALUE 

TUN2                              00000002
TUN3                              00000003
TUN4                              00000004
TX                                00000006
TX9                               00000006
TX9D                              00000000
TXCKP                             00000004
TXEN                              00000005
TXIE                              00000004
TXIF                              00000004
TXIP                              00000004
TXREG                             00000FAD
TXSTA                             00000FAC
UA                                00000001
UADDR                             00000F6E
UCFG                              00000F6F
UCON                              00000F6D
UEIE                              00000F6B
UEIR                              00000F6A
UEP0                              00000F70
UEP1                              00000F71
UEP10                             00000F7A
UEP11                             00000F7B
UEP12                             00000F7C
UEP13                             00000F7D
UEP14                             00000F7E
UEP15                             00000F7F
UEP2                              00000F72
UEP3                              00000F73
UEP4                              00000F74
UEP5                              00000F75
UEP6                              00000F76
UEP7                              00000F77
UEP8                              00000F78
UEP9                              00000F79
UERRIE                            00000001
UERRIF                            00000001
UFRM                              00000F66
UFRMH                             00000F67
UFRML                             00000F66
UIE                               00000F69
UIR                               00000F68
UOEMON                            00000006
UPUEN                             00000004
URSTIE                            00000000
URSTIF                            00000000
USBEN                             00000003
USBIE                             00000005
USBIF                             00000005
USBIP                             00000005
USTAT                             00000F6C
UTEYE                             00000007
UTRDIS                            00000003
MPASM 5.67  /MEDIA/ESTEBAN/ESTEBAN/UN/MICROC   5-14-2023  23:10:49         PAGE 20


SYMBOL TABLE
  LABEL                             VALUE 

VCFG0                             00000004
VCFG1                             00000005
VDIRMAG                           00000007
VREFM                             00000002
VREFP                             00000003
W                                 00000000
WCOL                              00000007
WDTCON                            00000FD1
WR                                00000001
WREG                              00000FE8
WREN                              00000002
WRERR                             00000003
WRSPP                             00000006
WS0                               00000000
WS1                               00000001
WS2                               00000002
WS3                               00000003
WUE                               00000001
Z                                 00000002
_BORV_0_2L                        000000E7
_BORV_1_2L                        000000EF
_BORV_2_2L                        000000F7
_BORV_3_2L                        000000FF
_BOR_OFF_2L                       000000F9
_BOR_ON_2L                        000000FF
_BOR_ON_ACTIVE_2L                 000000FD
_BOR_SOFT_2L                      000000FB
_CCP2MX_OFF_3H                    000000FE
_CCP2MX_ON_3H                     000000FF
_CONFIG1H                         00300001
_CONFIG1L                         00300000
_CONFIG2H                         00300003
_CONFIG2L                         00300002
_CONFIG3H                         00300005
_CONFIG4L                         00300006
_CONFIG5H                         00300009
_CONFIG5L                         00300008
_CONFIG6H                         0030000B
_CONFIG6L                         0030000A
_CONFIG7H                         0030000D
_CONFIG7L                         0030000C
_CP0_OFF_5L                       000000FF
_CP0_ON_5L                        000000FE
_CP1_OFF_5L                       000000FF
_CP1_ON_5L                        000000FD
_CP2_OFF_5L                       000000FF
_CP2_ON_5L                        000000FB
_CP3_OFF_5L                       000000FF
_CP3_ON_5L                        000000F7
_CPB_OFF_5H                       000000FF
_CPB_ON_5H                        000000BF
_CPD_OFF_5H                       000000FF
_CPD_ON_5H                        0000007F
MPASM 5.67  /MEDIA/ESTEBAN/ESTEBAN/UN/MICROC   5-14-2023  23:10:49         PAGE 21


SYMBOL TABLE
  LABEL                             VALUE 

_CPUDIV_OSC1_PLL2_1L              000000E7
_CPUDIV_OSC2_PLL3_1L              000000EF
_CPUDIV_OSC3_PLL4_1L              000000F7
_CPUDIV_OSC4_PLL6_1L              000000FF
_DEBUG_OFF_4L                     000000FF
_DEBUG_ON_4L                      0000007F
_DEVID1                           003FFFFE
_DEVID2                           003FFFFF
_EBTR0_OFF_7L                     000000FF
_EBTR0_ON_7L                      000000FE
_EBTR1_OFF_7L                     000000FF
_EBTR1_ON_7L                      000000FD
_EBTR2_OFF_7L                     000000FF
_EBTR2_ON_7L                      000000FB
_EBTR3_OFF_7L                     000000FF
_EBTR3_ON_7L                      000000F7
_EBTRB_OFF_7H                     000000FF
_EBTRB_ON_7H                      000000BF
_FCMEN_OFF_1H                     000000BF
_FCMEN_ON_1H                      000000FF
_FOSC_ECIO_EC_1H                  000000F4
_FOSC_ECPLLIO_EC_1H               000000F6
_FOSC_ECPLL_EC_1H                 000000F7
_FOSC_EC_EC_1H                    000000F5
_FOSC_HSPLL_HS_1H                 000000FE
_FOSC_HS_1H                       000000FC
_FOSC_INTOSCIO_EC_1H              000000F8
_FOSC_INTOSC_EC_1H                000000F9
_FOSC_INTOSC_HS_1H                000000FB
_FOSC_INTOSC_XT_1H                000000FA
_FOSC_XTPLL_XT_1H                 000000F2
_FOSC_XT_XT_1H                    000000F0
_ICPRT_OFF_4L                     000000DF
_ICPRT_ON_4L                      000000FF
_IDLOC0                           00200000
_IDLOC1                           00200001
_IDLOC2                           00200002
_IDLOC3                           00200003
_IDLOC4                           00200004
_IDLOC5                           00200005
_IDLOC6                           00200006
_IDLOC7                           00200007
_IESO_OFF_1H                      0000007F
_IESO_ON_1H                       000000FF
_LPT1OSC_OFF_3H                   000000FB
_LPT1OSC_ON_3H                    000000FF
_LVP_OFF_4L                       000000FB
_LVP_ON_4L                        000000FF
_MCLRE_OFF_3H                     0000007F
_MCLRE_ON_3H                      000000FF
_PBADEN_OFF_3H                    000000FD
_PBADEN_ON_3H                     000000FF
_PLLDIV_10_1L                     000000FE
MPASM 5.67  /MEDIA/ESTEBAN/ESTEBAN/UN/MICROC   5-14-2023  23:10:49         PAGE 22


SYMBOL TABLE
  LABEL                             VALUE 

_PLLDIV_12_1L                     000000FF
_PLLDIV_1_1L                      000000F8
_PLLDIV_2_1L                      000000F9
_PLLDIV_3_1L                      000000FA
_PLLDIV_4_1L                      000000FB
_PLLDIV_5_1L                      000000FC
_PLLDIV_6_1L                      000000FD
_PWRT_OFF_2L                      000000FF
_PWRT_ON_2L                       000000FE
_STVREN_OFF_4L                    000000FE
_STVREN_ON_4L                     000000FF
_USBDIV_1_1L                      000000DF
_USBDIV_2_1L                      000000FF
_VREGEN_OFF_2L                    000000DF
_VREGEN_ON_2L                     000000FF
_WDTPS_1024_2H                    000000F5
_WDTPS_128_2H                     000000EF
_WDTPS_16384_2H                   000000FD
_WDTPS_16_2H                      000000E9
_WDTPS_1_2H                       000000E1
_WDTPS_2048_2H                    000000F7
_WDTPS_256_2H                     000000F1
_WDTPS_2_2H                       000000E3
_WDTPS_32768_2H                   000000FF
_WDTPS_32_2H                      000000EB
_WDTPS_4096_2H                    000000F9
_WDTPS_4_2H                       000000E5
_WDTPS_512_2H                     000000F3
_WDTPS_64_2H                      000000ED
_WDTPS_8192_2H                    000000FB
_WDTPS_8_2H                       000000E7
_WDT_OFF_2H                       000000FE
_WDT_ON_2H                        000000FF
_WRT0_OFF_6L                      000000FF
_WRT0_ON_6L                       000000FE
_WRT1_OFF_6L                      000000FF
_WRT1_ON_6L                       000000FD
_WRT2_OFF_6L                      000000FF
_WRT2_ON_6L                       000000FB
_WRT3_OFF_6L                      000000FF
_WRT3_ON_6L                       000000F7
_WRTB_OFF_6H                      000000FF
_WRTB_ON_6H                       000000BF
_WRTC_OFF_6H                      000000FF
_WRTC_ON_6H                       000000DF
_WRTD_OFF_6H                      000000FF
_WRTD_ON_6H                       0000007F
_XINST_OFF_4L                     000000BF
_XINST_ON_4L                      000000FF
__18F4550                         00000001
aux1                              00000002
aux2                              00000003
aux3                              00000004
MPASM 5.67  /MEDIA/ESTEBAN/ESTEBAN/UN/MICROC   5-14-2023  23:10:49         PAGE 23


SYMBOL TABLE
  LABEL                             VALUE 

aux_delay_200_ms                  000000FE
aux_delay_2_s                     000000D6
aux_delay_5_s                     000000AE
aux_delay_switch_debounce         00000126
aux_restart                       00000022
button_delay                      00000086
button_delay_is_cero              00000090
button_delay_is_one               0000009A
check_reset_button                00000014
check_value_is_negative_or_zero   0000003C
check_value_is_seven              00000058
color_code_table                  00000800
decrement_value                   0000003A
delay_200_ms                      000000F2
delay_2_s                         000000CA
delay_5_s                         000000A2
delay_switch_debounce             0000011A
increase_value                    00000056
init                              00000000
interrupter_inc_or_dec            0000002C
restart                           00000010
seven_segments_code_table         00000700
show_value                        00000068
table_index                       00000001
value                             00000000
value_is_negative                 0000004E
value_is_seven                    00000060
value_is_zero                     00000046


MEMORY USAGE MAP ('X' = Used,  '-' = Unused)

0000 : XXXXXXXXXXXXXXXX XXXXXXXXXXXXXXXX XXXXXXXXXXXXXXXX XXXXXXXXXXXXXXXX
0040 : XXXXXXXXXXXXXXXX XXXXXXXXXXXXXXXX XXXXXXXXXXXXXXXX XXXXXXXXXXXXXXXX
0080 : XXXXXXXXXXXXXXXX XXXXXXXXXXXXXXXX XXXXXXXXXXXXXXXX XXXXXXXXXXXXXXXX
00C0 : XXXXXXXXXXXXXXXX XXXXXXXXXXXXXXXX XXXXXXXXXXXXXXXX XXXXXXXXXXXXXXXX
0100 : XXXXXXXXXXXXXXXX XXXXXXXXXXXXXXXX XXXXXXXXXXXXXXXX XXXXXXXXXXXXXXXX
0140 : XX-------------- ---------------- ---------------- ----------------
0700 : XXXXXXXXXXXXXX-- ---------------- ---------------- ----------------
0800 : XXXXXXXXXXXXXX-- ---------------- ---------------- ----------------
0000 : XXXX-XX-XXXXXX-- ---------------- ---------------- ----------------

All other memory blocks unused.

Program Memory Bytes Used:   362
Program Memory Bytes Free: 32406


MPASM 5.67  /MEDIA/ESTEBAN/ESTEBAN/UN/MICROC   5-14-2023  23:10:49         PAGE 24





Errors   :     0
Warnings :    12 reported,     0 suppressed
Messages :     0 reported,     0 suppressed

