

Microchip MPLAB XC8 Assembler V2.41 build 20230208172133 
                                                                                               Wed May 31 20:32:47 2023

Microchip MPLAB XC8 C Compiler v2.41 (Free license) build 20230208172133 Og9 
     1                           	processor	18F4550
     2                           	fnconf	rparam,??,?,0
     3                           	pagewidth 120
     4                           	opt	flic
     5                           	psect	idataCOMRAM,global,class=CODE,delta=1,noexec
     6                           	psect	cinit,global,reloc=2,class=CODE,delta=1
     7                           	psect	bssCOMRAM,global,class=COMRAM,space=1,delta=1,lowdata,noexec
     8                           	psect	dataCOMRAM,global,class=COMRAM,space=1,delta=1,lowdata,noexec
     9                           	psect	cstackCOMRAM,global,class=COMRAM,space=1,delta=1,lowdata,noexec
    10                           	psect	text0,global,reloc=2,class=CODE,delta=1
    11                           	psect	intsave_regs,global,class=BIGRAM,space=1,delta=1,noexec
    12                           	psect	rparam,global,class=COMRAM,space=1,delta=1,noexec
    13                           	psect	idloc,global,abs,ovrld,class=IDLOC,space=5,delta=1,noexec
    14                           	psect	config,global,abs,ovrld,class=CONFIG,space=4,delta=1,noexec
    15   000000                     
    16                           ; Generated 09/02/2023 GMT
    17                           ; 
    18                           ; Copyright © 2023, Microchip Technology Inc. and its subsidiaries ("Microchip")
    19                           ; All rights reserved.
    20                           ; 
    21                           ; This software is developed by Microchip Technology Inc. and its subsidiaries ("Microch
      +                          ip").
    22                           ; 
    23                           ; Redistribution and use in source and binary forms, with or without modification, are
    24                           ; permitted provided that the following conditions are met:
    25                           ; 
    26                           ;     1. Redistributions of source code must retain the above copyright notice, this lis
      +                          t of
    27                           ;        conditions and the following disclaimer.
    28                           ; 
    29                           ;     2. Redistributions in binary form must reproduce the above copyright notice, this 
      +                          list
    30                           ;        of conditions and the following disclaimer in the documentation and/or other
    31                           ;        materials provided with the distribution. Publication is not required when
    32                           ;        this file is used in an embedded application.
    33                           ; 
    34                           ;     3. Microchip's name may not be used to endorse or promote products derived from th
      +                          is
    35                           ;        software without specific prior written permission.
    36                           ; 
    37                           ; THIS SOFTWARE IS PROVIDED BY MICROCHIP "AS IS" AND ANY EXPRESS OR IMPLIED WARRANTIES,
    38                           ; INCLUDING, BUT NOT LIMITED TO, THE IMPLIED WARRANTIES OF MERCHANTABILITY AND FITNESS F
      +                          OR
    39                           ; PURPOSE ARE DISCLAIMED.  IN NO EVENT SHALL MICROCHIP BE LIABLE FOR ANY DIRECT, INDIREC
      +                          T,
    40                           ; INCIDENTAL, SPECIAL, EXEMPLARY, OR CONSEQUENTIAL DAMAGES (INCLUDING BUT NOT LIMITED TO
    41                           ; PROCUREMENT OF SUBSTITUTE GOODS OR SERVICES; LOSS OF USE, DATA OR PROFITS; OR BUSINESS
    42                           ; INTERRUPTION) HOWSOEVER CAUSED AND ON ANY THEORY OF LIABILITY, WHETHER IN CONTRACT, ST
      +                          RICT
    43                           ; LIABILITY, OR TORT (INCLUDING NEGLIGENCE OR OTHERWISE) ARISING IN ANY WAY OUT OF THE U
      +                          SE OF
    44                           ; THIS SOFTWARE, EVEN IF ADVISED OF THE POSSIBILITY OF SUCH DAMAGE.
    45                           ; 
    46                           ; 
    47                           ; Code-generator required, PIC18F4550 Definitions
    48                           ; 
    49                           ; SFR Addresses
    50   000000                     
    51                           	psect	idataCOMRAM
    52   007FAF                     __pidataCOMRAM:
    53                           	callstack 0
    54                           
    55                           ;initializer for _interfaz
    56   007FAF  08                 	db	8
    57   000000                     _LATD	set	3980
    58   000000                     _RC0	set	31760
    59   000000                     _LATC0	set	31832
    60   000000                     _TRISD	set	3989
    61   000000                     _OSCCON	set	4051
    62   000000                     _TRISC0	set	31904
    63   000000                     _RCSTA	set	4011
    64   000000                     _TXSTA	set	4012
    65   000000                     _TXREG	set	4013
    66   000000                     _SPBRG	set	4015
    67   000000                     _BAUDCON	set	4024
    68                           
    69                           ; #config settings
    70                           
    71                           	psect	cinit
    72   007FB0                     __pcinit:
    73                           	callstack 0
    74   007FB0                     start_initialization:
    75                           	callstack 0
    76   007FB0                     __initialization:
    77                           	callstack 0
    78                           
    79                           ; Initialize objects allocated to COMRAM (1 bytes)
    80                           ; load TBLPTR registers with __pidataCOMRAM
    81   007FB0  0EAF               	movlw	low __pidataCOMRAM
    82   007FB2  6EF6               	movwf	tblptrl,c
    83   007FB4  0E7F               	movlw	high __pidataCOMRAM
    84   007FB6  6EF7               	movwf	tblptrh,c
    85   007FB8  0E00               	movlw	low (__pidataCOMRAM shr (0+16))
    86   007FBA  6EF8               	movwf	tblptru,c
    87   007FBC  0009               	tblrd		*+	;fetch initializer
    88   007FBE  CFF5 F006          	movff	tablat,__pdataCOMRAM
    89                           
    90                           ; Clear objects allocated to COMRAM (5 bytes)
    91   007FC2  6A05               	clrf	(__pbssCOMRAM+4)& (0+255),c
    92   007FC4  6A04               	clrf	(__pbssCOMRAM+3)& (0+255),c
    93   007FC6  6A03               	clrf	(__pbssCOMRAM+2)& (0+255),c
    94   007FC8  6A02               	clrf	(__pbssCOMRAM+1)& (0+255),c
    95   007FCA  6A01               	clrf	__pbssCOMRAM& (0+255),c
    96   007FCC                     end_of_initialization:
    97                           	callstack 0
    98   007FCC                     __end_of__initialization:
    99                           	callstack 0
   100   007FCC  0100               	movlb	0
   101   007FCE  EFE9  F03F         	goto	_main	;jump to C main() function
   102                           
   103                           	psect	bssCOMRAM
   104   000001                     __pbssCOMRAM:
   105                           	callstack 0
   106   000001                     _Uni:
   107                           	callstack 0
   108   000001                     	ds	1
   109   000002                     _Dec:
   110                           	callstack 0
   111   000002                     	ds	1
   112   000003                     _Che:
   113                           	callstack 0
   114   000003                     	ds	1
   115   000004                     _Hum:
   116                           	callstack 0
   117   000004                     	ds	1
   118   000005                     _Temp:
   119                           	callstack 0
   120   000005                     	ds	1
   121                           
   122                           	psect	dataCOMRAM
   123   000006                     __pdataCOMRAM:
   124                           	callstack 0
   125   000006                     _interfaz:
   126                           	callstack 0
   127   000006                     	ds	1
   128                           
   129                           	psect	cstackCOMRAM
   130   000007                     __pcstackCOMRAM:
   131                           	callstack 0
   132   000007                     ??_main:
   133                           
   134                           ; 1 bytes @ 0x0
   135   000007                     	ds	1
   136                           
   137 ;;
   138 ;;Main: autosize = 0, tempsize = 1, incstack = 0, save=0
   139 ;;
   140 ;; *************** function _main *****************
   141 ;; Defined at:
   142 ;;		line 29 in file "/home/esteban/Esteban/UN/semester12/Microcontroladores/MPLAB_X_IDE/lab05_ADC.X/LAB05.c"
   143 ;; Parameters:    Size  Location     Type
   144 ;;		None
   145 ;; Auto vars:     Size  Location     Type
   146 ;;		None
   147 ;; Return value:  Size  Location     Type
   148 ;;                  1    wreg      void 
   149 ;; Registers used:
   150 ;;		wreg, status,2
   151 ;; Tracked objects:
   152 ;;		On entry : 0/0
   153 ;;		On exit  : 0/0
   154 ;;		Unchanged: 0/0
   155 ;; Data sizes:     COMRAM   BANK0   BANK1   BANK2   BANK3   BANK4   BANK5   BANK6   BANK7
   156 ;;      Params:         0       0       0       0       0       0       0       0       0
   157 ;;      Locals:         0       0       0       0       0       0       0       0       0
   158 ;;      Temps:          1       0       0       0       0       0       0       0       0
   159 ;;      Totals:         1       0       0       0       0       0       0       0       0
   160 ;;Total ram usage:        1 bytes
   161 ;; This function calls:
   162 ;;		Nothing
   163 ;; This function is called by:
   164 ;;		Startup code after reset
   165 ;; This function uses a non-reentrant model
   166 ;;
   167                           
   168                           	psect	text0
   169   007FD2                     __ptext0:
   170                           	callstack 0
   171   007FD2                     _main:
   172                           	callstack 31
   173                           
   174                           ;LAB05.c: 30: OSCCON=0b01110000;
   175                           
   176                           ;incstack = 0
   177   007FD2  0E70               	movlw	112
   178   007FD4  6ED3               	movwf	211,c	;volatile
   179                           
   180                           ;LAB05.c: 31: _delay((unsigned long)((1)*(8000000/4000.0)));
   181   007FD6  0E03               	movlw	3
   182   007FD8  6E07               	movwf	??_main^0,c
   183   007FDA  0E98               	movlw	152
   184   007FDC                     u17:
   185   007FDC  2EE8               	decfsz	wreg,f,c
   186   007FDE  D7FE               	bra	u17
   187   007FE0  2E07               	decfsz	??_main^0,f,c
   188   007FE2  D7FC               	bra	u17
   189                           
   190                           ;LAB05.c: 32: TRISD=0;
   191   007FE4  0E00               	movlw	0
   192   007FE6  6E95               	movwf	149,c	;volatile
   193                           
   194                           ;LAB05.c: 33: LATD=0;
   195   007FE8  0E00               	movlw	0
   196   007FEA  6E8C               	movwf	140,c	;volatile
   197                           
   198                           ;LAB05.c: 34: LATC0=0;
   199   007FEC  908B               	bcf	3979,0,c	;volatile
   200                           
   201                           ;LAB05.c: 35: TXSTA=0b00100000;
   202   007FEE  0E20               	movlw	32
   203   007FF0  6EAC               	movwf	172,c	;volatile
   204                           
   205                           ;LAB05.c: 36: RCSTA=0b10000000;
   206   007FF2  0E80               	movlw	128
   207   007FF4  6EAB               	movwf	171,c	;volatile
   208                           
   209                           ;LAB05.c: 37: BAUDCON=0b00000000;
   210   007FF6  0E00               	movlw	0
   211   007FF8  6EB8               	movwf	184,c	;volatile
   212                           
   213                           ;LAB05.c: 38: SPBRG=12;
   214   007FFA  0E0C               	movlw	12
   215   007FFC  6EAF               	movwf	175,c	;volatile
   216   007FFE                     l160:
   217   007FFE  D7FF               	goto	l160
   218   008000                     __end_of_main:
   219                           	callstack 0
   220   000000                     
   221                           	psect	rparam
   222   000000                     
   223                           	psect	idloc
   224                           
   225                           ;Config register IDLOC0 @ 0x200000
   226                           ;	unspecified, using default values
   227   200000                     	org	2097152
   228   200000  FF                 	db	255
   229                           
   230                           ;Config register IDLOC1 @ 0x200001
   231                           ;	unspecified, using default values
   232   200001                     	org	2097153
   233   200001  FF                 	db	255
   234                           
   235                           ;Config register IDLOC2 @ 0x200002
   236                           ;	unspecified, using default values
   237   200002                     	org	2097154
   238   200002  FF                 	db	255
   239                           
   240                           ;Config register IDLOC3 @ 0x200003
   241                           ;	unspecified, using default values
   242   200003                     	org	2097155
   243   200003  FF                 	db	255
   244                           
   245                           ;Config register IDLOC4 @ 0x200004
   246                           ;	unspecified, using default values
   247   200004                     	org	2097156
   248   200004  FF                 	db	255
   249                           
   250                           ;Config register IDLOC5 @ 0x200005
   251                           ;	unspecified, using default values
   252   200005                     	org	2097157
   253   200005  FF                 	db	255
   254                           
   255                           ;Config register IDLOC6 @ 0x200006
   256                           ;	unspecified, using default values
   257   200006                     	org	2097158
   258   200006  FF                 	db	255
   259                           
   260                           ;Config register IDLOC7 @ 0x200007
   261                           ;	unspecified, using default values
   262   200007                     	org	2097159
   263   200007  FF                 	db	255
   264                           
   265                           	psect	config
   266                           
   267                           ;Config register CONFIG1L @ 0x300000
   268                           ;	unspecified, using default values
   269                           ;	PLL Prescaler Selection bits
   270                           ;	PLLDIV = 0x0, unprogrammed default
   271                           ;	System Clock Postscaler Selection bits
   272                           ;	CPUDIV = 0x0, unprogrammed default
   273                           ;	USB Clock Selection bit (used in Full-Speed USB mode only; UCFG:FSEN = 1)
   274                           ;	USBDIV = 0x0, unprogrammed default
   275   300000                     	org	3145728
   276   300000  00                 	db	0
   277                           
   278                           ;Config register CONFIG1H @ 0x300001
   279                           ;	Oscillator Selection bits
   280                           ;	FOSC = INTOSC_EC, Internal oscillator, CLKO function on RA6, EC used by USB (INTCKO)
   281                           ;	Fail-Safe Clock Monitor Enable bit
   282                           ;	FCMEN = 0x0, unprogrammed default
   283                           ;	Internal/External Oscillator Switchover bit
   284                           ;	IESO = 0x0, unprogrammed default
   285   300001                     	org	3145729
   286   300001  09                 	db	9
   287                           
   288                           ;Config register CONFIG2L @ 0x300002
   289                           ;	unspecified, using default values
   290                           ;	Power-up Timer Enable bit
   291                           ;	PWRT = 0x1, unprogrammed default
   292                           ;	Brown-out Reset Enable bits
   293                           ;	BOR = 0x3, unprogrammed default
   294                           ;	Brown-out Reset Voltage bits
   295                           ;	BORV = 0x3, unprogrammed default
   296                           ;	USB Voltage Regulator Enable bit
   297                           ;	VREGEN = 0x0, unprogrammed default
   298   300002                     	org	3145730
   299   300002  1F                 	db	31
   300                           
   301                           ;Config register CONFIG2H @ 0x300003
   302                           ;	Watchdog Timer Enable bit
   303                           ;	WDT = OFF, WDT disabled (control is placed on the SWDTEN bit)
   304                           ;	Watchdog Timer Postscale Select bits
   305                           ;	WDTPS = 0xF, unprogrammed default
   306   300003                     	org	3145731
   307   300003  1E                 	db	30
   308                           
   309                           ; Padding undefined space
   310   300004                     	org	3145732
   311   300004  FF                 	db	255
   312                           
   313                           ;Config register CONFIG3H @ 0x300005
   314                           ;	unspecified, using default values
   315                           ;	CCP2 MUX bit
   316                           ;	CCP2MX = 0x1, unprogrammed default
   317                           ;	PORTB A/D Enable bit
   318                           ;	PBADEN = 0x1, unprogrammed default
   319                           ;	Low-Power Timer 1 Oscillator Enable bit
   320                           ;	LPT1OSC = 0x0, unprogrammed default
   321                           ;	MCLR Pin Enable bit
   322                           ;	MCLRE = 0x1, unprogrammed default
   323   300005                     	org	3145733
   324   300005  83                 	db	131
   325                           
   326                           ;Config register CONFIG4L @ 0x300006
   327                           ;	unspecified, using default values
   328                           ;	Stack Full/Underflow Reset Enable bit
   329                           ;	STVREN = 0x1, unprogrammed default
   330                           ;	Single-Supply ICSP Enable bit
   331                           ;	LVP = 0x1, unprogrammed default
   332                           ;	Dedicated In-Circuit Debug/Programming Port (ICPORT) Enable bit
   333                           ;	ICPRT = 0x0, unprogrammed default
   334                           ;	Extended Instruction Set Enable bit
   335                           ;	XINST = 0x0, unprogrammed default
   336                           ;	Background Debugger Enable bit
   337                           ;	DEBUG = 0x1, unprogrammed default
   338   300006                     	org	3145734
   339   300006  85                 	db	133
   340                           
   341                           ; Padding undefined space
   342   300007                     	org	3145735
   343   300007  FF                 	db	255
   344                           
   345                           ;Config register CONFIG5L @ 0x300008
   346                           ;	unspecified, using default values
   347                           ;	Code Protection bit
   348                           ;	CP0 = 0x1, unprogrammed default
   349                           ;	Code Protection bit
   350                           ;	CP1 = 0x1, unprogrammed default
   351                           ;	Code Protection bit
   352                           ;	CP2 = 0x1, unprogrammed default
   353                           ;	Code Protection bit
   354                           ;	CP3 = 0x1, unprogrammed default
   355   300008                     	org	3145736
   356   300008  0F                 	db	15
   357                           
   358                           ;Config register CONFIG5H @ 0x300009
   359                           ;	unspecified, using default values
   360                           ;	Boot Block Code Protection bit
   361                           ;	CPB = 0x1, unprogrammed default
   362                           ;	Data EEPROM Code Protection bit
   363                           ;	CPD = 0x1, unprogrammed default
   364   300009                     	org	3145737
   365   300009  C0                 	db	192
   366                           
   367                           ;Config register CONFIG6L @ 0x30000A
   368                           ;	unspecified, using default values
   369                           ;	Write Protection bit
   370                           ;	WRT0 = 0x1, unprogrammed default
   371                           ;	Write Protection bit
   372                           ;	WRT1 = 0x1, unprogrammed default
   373                           ;	Write Protection bit
   374                           ;	WRT2 = 0x1, unprogrammed default
   375                           ;	Write Protection bit
   376                           ;	WRT3 = 0x1, unprogrammed default
   377   30000A                     	org	3145738
   378   30000A  0F                 	db	15
   379                           
   380                           ;Config register CONFIG6H @ 0x30000B
   381                           ;	unspecified, using default values
   382                           ;	Configuration Register Write Protection bit
   383                           ;	WRTC = 0x1, unprogrammed default
   384                           ;	Boot Block Write Protection bit
   385                           ;	WRTB = 0x1, unprogrammed default
   386                           ;	Data EEPROM Write Protection bit
   387                           ;	WRTD = 0x1, unprogrammed default
   388   30000B                     	org	3145739
   389   30000B  E0                 	db	224
   390                           
   391                           ;Config register CONFIG7L @ 0x30000C
   392                           ;	unspecified, using default values
   393                           ;	Table Read Protection bit
   394                           ;	EBTR0 = 0x1, unprogrammed default
   395                           ;	Table Read Protection bit
   396                           ;	EBTR1 = 0x1, unprogrammed default
   397                           ;	Table Read Protection bit
   398                           ;	EBTR2 = 0x1, unprogrammed default
   399                           ;	Table Read Protection bit
   400                           ;	EBTR3 = 0x1, unprogrammed default
   401   30000C                     	org	3145740
   402   30000C  0F                 	db	15
   403                           
   404                           ;Config register CONFIG7H @ 0x30000D
   405                           ;	unspecified, using default values
   406                           ;	Boot Block Table Read Protection bit
   407                           ;	EBTRB = 0x1, unprogrammed default
   408   30000D                     	org	3145741
   409   30000D  40                 	db	64
   410                           tosu	equ	0xFFF
   411                           tosh	equ	0xFFE
   412                           tosl	equ	0xFFD
   413                           stkptr	equ	0xFFC
   414                           pclatu	equ	0xFFB
   415                           pclath	equ	0xFFA
   416                           pcl	equ	0xFF9
   417                           tblptru	equ	0xFF8
   418                           tblptrh	equ	0xFF7
   419                           tblptrl	equ	0xFF6
   420                           tablat	equ	0xFF5
   421                           prodh	equ	0xFF4
   422                           prodl	equ	0xFF3
   423                           indf0	equ	0xFEF
   424                           postinc0	equ	0xFEE
   425                           postdec0	equ	0xFED
   426                           preinc0	equ	0xFEC
   427                           plusw0	equ	0xFEB
   428                           fsr0h	equ	0xFEA
   429                           fsr0l	equ	0xFE9
   430                           wreg	equ	0xFE8
   431                           indf1	equ	0xFE7
   432                           postinc1	equ	0xFE6
   433                           postdec1	equ	0xFE5
   434                           preinc1	equ	0xFE4
   435                           plusw1	equ	0xFE3
   436                           fsr1h	equ	0xFE2
   437                           fsr1l	equ	0xFE1
   438                           bsr	equ	0xFE0
   439                           indf2	equ	0xFDF
   440                           postinc2	equ	0xFDE
   441                           postdec2	equ	0xFDD
   442                           preinc2	equ	0xFDC
   443                           plusw2	equ	0xFDB
   444                           fsr2h	equ	0xFDA
   445                           fsr2l	equ	0xFD9
   446                           status	equ	0xFD8

Data Sizes:
    Strings     0
    Constant    0
    Data        1
    BSS         5
    Persistent  0
    Stack       0

Auto Spaces:
    Space          Size  Autos    Used
    COMRAM           95      1       7
    BANK0           160      0       0
    BANK1           256      0       0
    BANK2           256      0       0
    BANK3           256      0       0
    BANK4           256      0       0
    BANK5           256      0       0
    BANK6           256      0       0
    BANK7           256      0       0

Pointer List with Targets:

    None.

Critical Paths under _main in COMRAM

    None.

Critical Paths under _main in BANK0

    None.

Critical Paths under _main in BANK1

    None.

Critical Paths under _main in BANK2

    None.

Critical Paths under _main in BANK3

    None.

Critical Paths under _main in BANK4

    None.

Critical Paths under _main in BANK5

    None.

Critical Paths under _main in BANK6

    None.

Critical Paths under _main in BANK7

    None.

Call Graph Tables:

 ---------------------------------------------------------------------------------
 (Depth) Function   	        Calls       Base Space   Used Autos Params    Refs
 ---------------------------------------------------------------------------------
 (0) _main                                                 1     1      0       0
                                              0 COMRAM     1     1      0
 ---------------------------------------------------------------------------------
 Estimated maximum stack depth 0
 ---------------------------------------------------------------------------------

 Call Graph Graphs:

 _main (ROOT)

 Address spaces:
Name               Size   Autos  Total    Cost      Usage
BIGRAM             7FF      0       0      29        0.0%
EEDATA             100      0       0       0        0.0%
BITBANK7           100      0       0      18        0.0%
BANK7              100      0       0      19        0.0%
BITBANK6           100      0       0      16        0.0%
BANK6              100      0       0      17        0.0%
BITBANK5           100      0       0      14        0.0%
BANK5              100      0       0      15        0.0%
BITBANK4           100      0       0      12        0.0%
BANK4              100      0       0      13        0.0%
BITBANK3           100      0       0      10        0.0%
BANK3              100      0       0      11        0.0%
BITBANK2           100      0       0       8        0.0%
BANK2              100      0       0       9        0.0%
BITBANK1           100      0       0       6        0.0%
BANK1              100      0       0       7        0.0%
BITBANK0            A0      0       0       4        0.0%
BANK0               A0      0       0       5        0.0%
BITCOMRAM           5F      0       0       0        0.0%
COMRAM              5F      1       7       1        7.4%
BITBIGSFRhh         2C      0       0      20        0.0%
BITBIGSFRll         22      0       0      27        0.0%
BITBIGSFRhlhhh      1A      0       0      21        0.0%
BITBIGSFRhlhl       15      0       0      24        0.0%
BITBIGSFRlh          8      0       0      26        0.0%
BITBIGSFRhlhhlh      8      0       0      22        0.0%
BITBIGSFRhll         7      0       0      25        0.0%
BITBIGSFRhlhhll      1      0       0      23        0.0%
BIGSFR               0      0       0     200        0.0%
BITSFR               0      0       0     200        0.0%
SFR                  0      0       0     200        0.0%
STACK                0      0       0       2        0.0%
NULL                 0      0       0       0        0.0%
ABS                  0      0       7      28        0.0%
DATA                 0      0       7       3        0.0%
CODE                 0      0       0       0        0.0%


Microchip Technology PIC18 Macro Assembler V2.41 build 20230208172133 
Symbol Table                                                                                   Wed May 31 20:32:47 2023

                     u17 7FDC                      l160 7FFE                      _RC0 7C10  
                    _Dec 0002                      _Che 0003                      _Hum 0004  
                    _Uni 0001                      wreg 0FE8                     _LATD 0F8C  
                   _Temp 0005                     _main 7FD2                     start 0000  
           ___param_bank 0000                    ?_main 0007                    _LATC0 7C58  
                  _RCSTA 0FAB                    _SPBRG 0FAF                    _TRISD 0F95  
                  _TXREG 0FAD                    _TXSTA 0FAC                    tablat 0FF5  
        __initialization 7FB0             __end_of_main 8000                   ??_main 0007  
          __activetblptr 0000                   _OSCCON 0FD3                   _TRISC0 7CA0  
                 isa$std 0001             __pdataCOMRAM 0006                   tblptrh 0FF7  
                 tblptrl 0FF6                   tblptru 0FF8               __accesstop 0060  
__end_of__initialization 7FCC            ___rparam_used 0001           __pcstackCOMRAM 0007  
                _BAUDCON 0FB8                  __Hparam 0000                  __Lparam 0000  
                __pcinit 7FB0                  __ramtop 0800                  __ptext0 7FD2  
   end_of_initialization 7FCC            __pidataCOMRAM 7FAF      start_initialization 7FB0  
            __pbssCOMRAM 0001                 __Hrparam 0000                 __Lrparam 0000  
               _interfaz 0006                 isa$xinst 0000  
